{"numFailedTestSuites":0,"numFailedTests":0,"numPassedTestSuites":1,"numPassedTests":2,"numPendingTestSuites":0,"numPendingTests":0,"numRuntimeErrorTestSuites":0,"numTodoTests":0,"numTotalTestSuites":1,"numTotalTests":2,"openHandles":[],"snapshot":{"added":0,"didUpdate":false,"failure":false,"filesAdded":0,"filesRemoved":0,"filesRemovedList":[],"filesUnmatched":0,"filesUpdated":0,"matched":0,"total":0,"unchecked":0,"uncheckedKeysByFile":[],"unmatched":0,"updated":0},"startTime":1776076471435,"success":true,"testResults":[{"assertionResults":[{"ancestorTitles":[],"duration":14,"failing":false,"failureDetails":[],"failureMessages":[],"fullName":"should return empty array initially","invocations":1,"location":null,"numPassingAsserts":1,"retryReasons":[],"startAt":1776076472161,"status":"passed","title":"should return empty array initially"},{"ancestorTitles":[],"duration":4,"failing":false,"failureDetails":[],"failureMessages":[],"fullName":"should add the first task","invocations":1,"location":null,"numPassingAsserts":2,"retryReasons":[],"startAt":1776076472179,"status":"passed","title":"should add the first task"}],"endTime":1776076472197,"message":"","name":"/home/aamod/2025-JAN/jan25-express-testing/tests/utils.test.js","startTime":1776076471580,"status":"passed","summary":""}],"wasInterrupted":false}
